<?xml version="1.0" encoding="UTF-8"?>
<!-- Generated by org.testng.reporters.JUnitReportReporter -->
<testsuite hostname="AJA" failures="0" tests="1" name="ajacademy.AppiumBasics" time="4.289" errors="0" timestamp="2023-02-06T21:57:04 IST" skipped="0">
  <testcase classname="ajacademy.AppiumBasics" name="appiumTest" time="4.289"/>
  <system-out/>
</testsuite> <!-- ajacademy.AppiumBasics -->
